0 info it worked if it ends with ok
1 verbose cli [ '/usr/local/bin/node', '/usr/local/bin/npm', 'i', 'chix', '-g' ]
2 info using npm@1.3.11
3 info using node@v0.10.20
4 verbose cache add [ 'chix', null ]
5 verbose cache add name=undefined spec="chix" args=["chix",null]
6 verbose parsed url { protocol: null,
6 verbose parsed url   slashes: null,
6 verbose parsed url   auth: null,
6 verbose parsed url   host: null,
6 verbose parsed url   port: null,
6 verbose parsed url   hostname: null,
6 verbose parsed url   hash: null,
6 verbose parsed url   search: null,
6 verbose parsed url   query: null,
6 verbose parsed url   pathname: 'chix',
6 verbose parsed url   path: 'chix',
6 verbose parsed url   href: 'chix' }
7 silly lockFile 6b64229f-chix chix
8 verbose lock chix /home/rob/.npm/6b64229f-chix.lock
9 silly lockFile 6b64229f-chix chix
10 silly lockFile 6b64229f-chix chix
11 verbose addNamed [ 'chix', '' ]
12 verbose addNamed [ null, '*' ]
13 silly lockFile 7a9a6f17-chix chix@
14 verbose lock chix@ /home/rob/.npm/7a9a6f17-chix.lock
15 silly addNameRange { name: 'chix', range: '*', hasData: false }
16 verbose url raw chix
17 verbose url resolving [ 'https://registry.npmjs.org/', './chix' ]
18 verbose url resolved https://registry.npmjs.org/chix
19 info trying registry request attempt 1 at 05:54:57
20 http GET https://registry.npmjs.org/chix
21 http 404 https://registry.npmjs.org/chix
22 silly registry.get cb [ 404,
22 silly registry.get   { server: 'CouchDB/1.3.1 (Erlang OTP/R15B03)',
22 silly registry.get     date: 'Sat, 19 Oct 2013 03:54:59 GMT',
22 silly registry.get     'content-type': 'application/json',
22 silly registry.get     'content-length': '52',
22 silly registry.get     'cache-control': 'must-revalidate' } ]
23 silly lockFile 7a9a6f17-chix chix@
24 silly lockFile 7a9a6f17-chix chix@
25 error 404 'chix' is not in the npm registry.
25 error 404 You should bug the author to publish it
25 error 404
25 error 404 Note that you can also install from a
25 error 404 tarball, folder, or http url, or git url.
26 error System Linux 3.2.0-54-lowlatency
27 error command "/usr/local/bin/node" "/usr/local/bin/npm" "i" "chix" "-g"
28 error cwd /home/rob/git/dom
29 error node -v v0.10.20
30 error npm -v 1.3.11
31 error code E404
32 verbose exit [ 1, true ]
